#-----------------------------------------------------------
# Vivado v2018.2 (64-bit)
# SW Build 2258646 on Thu Jun 14 20:03:12 MDT 2018
# IP Build 2256618 on Thu Jun 14 22:10:49 MDT 2018
# Start of session at: Tue Mar 26 12:56:51 2019
# Process ID: 9460
# Current directory: C:/EGE/DERSLER/Digital/Proje/project_final
# Command line: vivado.exe -gui_launcher_event rodinguilauncherevent7164 C:\EGE\DERSLER\Digital\Proje\project_final\project_final.xpr
# Log file: C:/EGE/DERSLER/Digital/Proje/project_final/vivado.log
# Journal file: C:/EGE/DERSLER/Digital/Proje/project_final\vivado.jou
#-----------------------------------------------------------
start_gui
open_project C:/EGE/DERSLER/Digital/Proje/project_final/project_final.xpr
INFO: [Project 1-313] Project file moved from 'C:/Users/ege3b/project_final' since last save.
Scanning sources...
Finished scanning sources
INFO: [IP_Flow 19-234] Refreshing IP repositories
INFO: [IP_Flow 19-1704] No user IP repositories specified
INFO: [IP_Flow 19-2313] Loaded Vivado IP repository 'C:/Xilinx/Vivado/2018.2/data/ip'.
open_project: Time (s): cpu = 00:00:22 ; elapsed = 00:00:10 . Memory (MB): peak = 779.070 ; gain = 112.594
update_compile_order -fileset sources_1
exit
INFO: [Common 17-206] Exiting Vivado at Tue Mar 26 13:04:02 2019...
